<?xml version="1.0" encoding="UTF-8"?>
<testng-results skipped="0" failed="0" ignored="0" total="1" passed="1">
  <reporter-output>
  </reporter-output>
  <suite name="Default suite" duration-ms="3158" started-at="2017-09-22T09:42:33Z" finished-at="2017-09-22T09:42:36Z">
    <groups>
    </groups>
    <test name="Default test" duration-ms="3158" started-at="2017-09-22T09:42:33Z" finished-at="2017-09-22T09:42:36Z">
      <class name="com.alok.tests.EmployeeTest">
        <test-method status="PASS" signature="configure()[pri:0, instance:com.alok.tests.EmployeeTest@402f32ff]" name="configure" is-config="true" duration-ms="472" started-at="2017-09-22T15:12:32Z" finished-at="2017-09-22T15:12:33Z">
          <reporter-output>
          </reporter-output>
        </test-method> <!-- configure -->
        <test-method status="PASS" signature="resAssured()[pri:0, instance:com.alok.tests.EmployeeTest@402f32ff]" name="resAssured" duration-ms="3134" started-at="2017-09-22T15:12:33Z" finished-at="2017-09-22T15:12:36Z">
          <reporter-output>
          </reporter-output>
        </test-method> <!-- resAssured -->
      </class> <!-- com.alok.tests.EmployeeTest -->
    </test> <!-- Default test -->
  </suite> <!-- Default suite -->
</testng-results>
